C51 COMPILER V9.60.0.0   2                                                                 03/23/2023 19:02:03 PAGE 1   


C51 COMPILER V9.60.0.0, COMPILATION OF MODULE 2
OBJECT MODULE PLACED IN .\Objects\2.obj
COMPILER INVOKED BY: C:\Keil_v5\C51\BIN\C51.EXE 2.c OPTIMIZE(8,SPEED) BROWSE DEBUG OBJECTEXTEND PRINT(.\Listings\2.lst) 
                    -TABS(2) OBJECT(.\Objects\2.obj)

line level    source

   1          #include "reg52.h"
   2          #include "intrins.h"
   3          typedef unsigned int u16; 
   4          typedef unsigned char u8;
   5          #define NIXIE_A_DP_PORT P0  
   6          #define LED_PORT  P2
   7          
   8          u16 id[8]={2,0,2,1,2,5,3,9};
   9          u16 id1[8]={2,0,2,1,2,5,4,5};
  10          
  11          sbit LSA=P2^2;
  12          sbit LSB=P2^3;
  13          sbit LSC=P2^4;
  14          
  15          u16 gsmg_code[17]={0x3f,0x06,0x5b,0x4f,0x66,0x6d,0x7d,0x07,
  16                  0x7f,0x6f,0x77,0x7c,0x39,0x5e,0x79,0x71};
  17          
  18          void delay_10us(u16 ten_us)
  19          { 
  20   1        while(ten_us--);  
  21   1      }
  22          void delay(u16 ms){
  23   1          u16 i, j;
  24   1          for(i = 0; i < ms; i++){
  25   2              for(j = 0; j < 114; j++);
  26   2          }
  27   1      }
  28          void single_smg(u16 id[10])
  29          {
  30   1        u16 i=0,j=0;
  31   1        LSA=0;LSB=0;LSC=0;
  32   1        for ( i = 0; i < 10; i++)
  33   1        {
  34   2          NIXIE_A_DP_PORT=gsmg_code[id[i]];
  35   2          delay_10us(100);
  36   2          NIXIE_A_DP_PORT=0x00;
  37   2        }
  38   1        
  39   1      }
  40          void smg_display(u16 id[8])
  41          {
  42   1        u16 i=0,j=0;
  43   1        for(i=0;i<8;i++)
  44   1        {
  45   2          //选择数码管
  46   2          switch(7-i)
  47   2          {
  48   3            case 0:LSA=0;LSB=0;LSC=0;break;
  49   3            case 1:LSA=1;LSB=0;LSC=0;break;
  50   3            case 2:LSA=0;LSB=1;LSC=0;break;
  51   3            case 3:LSA=1;LSB=1;LSC=0;break;
  52   3            case 4:LSA=0;LSB=0;LSC=1;break;
  53   3            case 5:LSA=1;LSB=0;LSC=1;break;
  54   3            case 6:LSA=0;LSB=1;LSC=1;break;
C51 COMPILER V9.60.0.0   2                                                                 03/23/2023 19:02:03 PAGE 2   

  55   3            case 7:LSA=1;LSB=1;LSC=1;break;
  56   3          }
  57   2          //显示数码管
  58   2          NIXIE_A_DP_PORT=gsmg_code[id[i]];
  59   2          delay_10us(100);
  60   2          NIXIE_A_DP_PORT=0x00;
  61   2        }
  62   1      }
  63          
  64          void main()
  65          { 
  66   1        u8 i=0, time=500;
  67   1        u8 count=9;
  68   1        NIXIE_A_DP_PORT=0x00;
  69   1        LSA=0;LSB=0;LSC=0;
  70   1        delay(1000);
  71   1        while(count){
  72   2              NIXIE_A_DP_PORT = gsmg_code[count]; 
  73   2              delay(1000); // 延时1秒
  74   2              count--; // 数值减1
  75   2          }
  76   1        while(1)
  77   1        {
  78   2          time=500;
  79   2          while(time--)
  80   2          {
  81   3            smg_display(id);
  82   3          }
  83   2          time=500;
  84   2          while(time--) 
  85   2          {
  86   3            smg_display(id1);
  87   3          }
  88   2          LED_PORT=~0x01;
  89   2          for(i=0;i<8;i++)
  90   2          {
  91   3            LED_PORT=~(0x01<<i);  //将1右移i位，然后取反将结果赋值到LED_PORT
  92   3            delay_10us(50000);
  93   3          }
  94   2        }   
  95   1      }


MODULE INFORMATION:   STATIC OVERLAYABLE
   CODE SIZE        =    383    ----
   CONSTANT SIZE    =   ----    ----
   XDATA SIZE       =   ----    ----
   PDATA SIZE       =   ----    ----
   DATA SIZE        =     66      10
   IDATA SIZE       =   ----    ----
   BIT SIZE         =   ----    ----
END OF MODULE INFORMATION.


C51 COMPILATION COMPLETE.  0 WARNING(S),  0 ERROR(S)
